{"C:\\Coding\\Interview\\JagaHQ\\emr-graphql-api\\src\\data-source.ts": {"path":"C:\\Coding\\Interview\\JagaHQ\\emr-graphql-api\\src\\data-source.ts","statementMap":{"0":{"start":{"line":1,"column":0},"end":{"line":1,"column":26}},"1":{"start":{"line":2,"column":0},"end":{"line":2,"column":37}},"2":{"start":{"line":3,"column":0},"end":{"line":3,"column":33}},"3":{"start":{"line":5,"column":0},"end":{"line":5,"column":16}},"4":{"start":{"line":7,"column":0},"end":{"line":7,"column":50}},"5":{"start":{"line":8,"column":0},"end":{"line":8,"column":48}},"6":{"start":{"line":9,"column":0},"end":{"line":9,"column":58}},"7":{"start":{"line":10,"column":0},"end":{"line":10,"column":64}},"8":{"start":{"line":11,"column":0},"end":{"line":11,"column":56}},"9":{"start":{"line":12,"column":0},"end":{"line":12,"column":58}},"10":{"start":{"line":14,"column":13},"end":{"line":31,"column":3}}},"fnMap":{},"branchMap":{},"s":{"0":1,"1":1,"2":1,"3":1,"4":1,"5":1,"6":1,"7":1,"8":1,"9":1,"10":1},"f":{},"b":{}}
,"C:\\Coding\\Interview\\JagaHQ\\emr-graphql-api\\src\\resolver.ts": {"path":"C:\\Coding\\Interview\\JagaHQ\\emr-graphql-api\\src\\resolver.ts","statementMap":{"0":{"start":{"line":1,"column":0},"end":{"line":1,"column":44}},"1":{"start":{"line":2,"column":0},"end":{"line":2,"column":58}},"2":{"start":{"line":3,"column":0},"end":{"line":3,"column":58}},"3":{"start":{"line":4,"column":0},"end":{"line":4,"column":48}},"4":{"start":{"line":5,"column":0},"end":{"line":5,"column":50}},"5":{"start":{"line":6,"column":0},"end":{"line":6,"column":40}},"6":{"start":{"line":7,"column":0},"end":{"line":7,"column":64}},"7":{"start":{"line":8,"column":0},"end":{"line":8,"column":56}},"8":{"start":{"line":26,"column":13},"end":{"line":366,"column":2}},"9":{"start":{"line":29,"column":6},"end":{"line":56,"column":7}},"10":{"start":{"line":30,"column":23},"end":{"line":30,"column":27}},"11":{"start":{"line":31,"column":24},"end":{"line":39,"column":10}},"12":{"start":{"line":41,"column":8},"end":{"line":45,"column":9}},"13":{"start":{"line":42,"column":10},"end":{"line":42,"column":25}},"14":{"start":{"line":44,"column":10},"end":{"line":44,"column":74}},"15":{"start":{"line":47,"column":8},"end":{"line":55,"column":9}},"16":{"start":{"line":48,"column":10},"end":{"line":48,"column":22}},"17":{"start":{"line":50,"column":10},"end":{"line":50,"column":63}},"18":{"start":{"line":51,"column":10},"end":{"line":54,"column":12}},"19":{"start":{"line":59,"column":6},"end":{"line":72,"column":7}},"20":{"start":{"line":60,"column":29},"end":{"line":63,"column":10}},"21":{"start":{"line":64,"column":8},"end":{"line":68,"column":9}},"22":{"start":{"line":65,"column":10},"end":{"line":65,"column":30}},"23":{"start":{"line":67,"column":10},"end":{"line":67,"column":72}},"24":{"start":{"line":70,"column":8},"end":{"line":70,"column":60}},"25":{"start":{"line":71,"column":8},"end":{"line":71,"column":78}},"26":{"start":{"line":75,"column":6},"end":{"line":92,"column":7}},"27":{"start":{"line":76,"column":24},"end":{"line":79,"column":10}},"28":{"start":{"line":81,"column":8},"end":{"line":85,"column":9}},"29":{"start":{"line":82,"column":10},"end":{"line":82,"column":25}},"30":{"start":{"line":84,"column":10},"end":{"line":84,"column":74}},"31":{"start":{"line":87,"column":8},"end":{"line":87,"column":69}},"32":{"start":{"line":88,"column":8},"end":{"line":91,"column":10}},"33":{"start":{"line":98,"column":6},"end":{"line":114,"column":7}},"34":{"start":{"line":99,"column":48},"end":{"line":99,"column":52}},"35":{"start":{"line":99,"column":43},"end":{"line":99,"column":48}},"36":{"start":{"line":101,"column":24},"end":{"line":103,"column":null}},"37":{"start":{"line":105,"column":29},"end":{"line":105,"column":68}},"38":{"start":{"line":107,"column":8},"end":{"line":107,"column":28}},"39":{"start":{"line":109,"column":8},"end":{"line":109,"column":56}},"40":{"start":{"line":110,"column":8},"end":{"line":113,"column":10}},"41":{"start":{"line":117,"column":6},"end":{"line":156,"column":7}},"42":{"start":{"line":118,"column":41},"end":{"line":118,"column":45}},"43":{"start":{"line":120,"column":32},"end":{"line":120,"column":72}},"44":{"start":{"line":122,"column":8},"end":{"line":124,"column":9}},"45":{"start":{"line":123,"column":10},"end":{"line":123,"column":74}},"46":{"start":{"line":126,"column":8},"end":{"line":134,"column":9}},"47":{"start":{"line":127,"column":38},"end":{"line":129,"column":12}},"48":{"start":{"line":131,"column":10},"end":{"line":133,"column":11}},"49":{"start":{"line":132,"column":12},"end":{"line":132,"column":79}},"50":{"start":{"line":136,"column":8},"end":{"line":138,"column":9}},"51":{"start":{"line":137,"column":10},"end":{"line":137,"column":53}},"52":{"start":{"line":140,"column":37},"end":{"line":140,"column":77}},"53":{"start":{"line":142,"column":8},"end":{"line":147,"column":9}},"54":{"start":{"line":143,"column":10},"end":{"line":146,"column":12}},"55":{"start":{"line":149,"column":8},"end":{"line":149,"column":36}},"56":{"start":{"line":151,"column":8},"end":{"line":151,"column":56}},"57":{"start":{"line":152,"column":8},"end":{"line":155,"column":10}},"58":{"start":{"line":159,"column":6},"end":{"line":175,"column":7}},"59":{"start":{"line":160,"column":31},"end":{"line":162,"column":10}},"60":{"start":{"line":163,"column":8},"end":{"line":165,"column":9}},"61":{"start":{"line":164,"column":10},"end":{"line":164,"column":74}},"62":{"start":{"line":167,"column":8},"end":{"line":167,"column":54}},"63":{"start":{"line":168,"column":8},"end":{"line":168,"column":30}},"64":{"start":{"line":170,"column":8},"end":{"line":170,"column":54}},"65":{"start":{"line":171,"column":8},"end":{"line":174,"column":10}},"66":{"start":{"line":179,"column":6},"end":{"line":192,"column":7}},"67":{"start":{"line":180,"column":23},"end":{"line":181,"column":null}},"68":{"start":{"line":183,"column":28},"end":{"line":183,"column":65}},"69":{"start":{"line":185,"column":8},"end":{"line":185,"column":27}},"70":{"start":{"line":187,"column":8},"end":{"line":187,"column":55}},"71":{"start":{"line":188,"column":8},"end":{"line":191,"column":10}},"72":{"start":{"line":196,"column":6},"end":{"line":215,"column":7}},"73":{"start":{"line":197,"column":29},"end":{"line":197,"column":33}},"74":{"start":{"line":198,"column":29},"end":{"line":200,"column":10}},"75":{"start":{"line":202,"column":8},"end":{"line":208,"column":9}},"76":{"start":{"line":203,"column":10},"end":{"line":203,"column":72}},"77":{"start":{"line":205,"column":10},"end":{"line":205,"column":35}},"78":{"start":{"line":206,"column":30},"end":{"line":206,"column":70}},"79":{"start":{"line":207,"column":10},"end":{"line":207,"column":29}},"80":{"start":{"line":210,"column":8},"end":{"line":210,"column":57}},"81":{"start":{"line":211,"column":8},"end":{"line":214,"column":10}},"82":{"start":{"line":219,"column":6},"end":{"line":235,"column":7}},"83":{"start":{"line":220,"column":30},"end":{"line":222,"column":10}},"84":{"start":{"line":223,"column":8},"end":{"line":225,"column":9}},"85":{"start":{"line":224,"column":10},"end":{"line":224,"column":72}},"86":{"start":{"line":227,"column":8},"end":{"line":227,"column":52}},"87":{"start":{"line":228,"column":8},"end":{"line":228,"column":29}},"88":{"start":{"line":230,"column":8},"end":{"line":230,"column":53}},"89":{"start":{"line":231,"column":8},"end":{"line":234,"column":10}},"90":{"start":{"line":242,"column":6},"end":{"line":280,"column":7}},"91":{"start":{"line":243,"column":61},"end":{"line":243,"column":65}},"92":{"start":{"line":245,"column":29},"end":{"line":245,"column":78}},"93":{"start":{"line":246,"column":8},"end":{"line":248,"column":9}},"94":{"start":{"line":247,"column":10},"end":{"line":247,"column":72}},"95":{"start":{"line":250,"column":30},"end":{"line":253,"column":10}},"96":{"start":{"line":254,"column":8},"end":{"line":256,"column":9}},"97":{"start":{"line":255,"column":10},"end":{"line":255,"column":74}},"98":{"start":{"line":258,"column":31},"end":{"line":264,"column":10}},"99":{"start":{"line":266,"column":8},"end":{"line":273,"column":9}},"100":{"start":{"line":267,"column":10},"end":{"line":267,"column":32}},"101":{"start":{"line":269,"column":10},"end":{"line":272,"column":12}},"102":{"start":{"line":275,"column":8},"end":{"line":275,"column":60}},"103":{"start":{"line":276,"column":8},"end":{"line":279,"column":10}},"104":{"start":{"line":286,"column":6},"end":{"line":306,"column":7}},"105":{"start":{"line":287,"column":35},"end":{"line":289,"column":10}},"106":{"start":{"line":291,"column":8},"end":{"line":296,"column":9}},"107":{"start":{"line":292,"column":10},"end":{"line":295,"column":12}},"108":{"start":{"line":298,"column":8},"end":{"line":298,"column":62}},"109":{"start":{"line":299,"column":8},"end":{"line":299,"column":34}},"110":{"start":{"line":301,"column":8},"end":{"line":301,"column":59}},"111":{"start":{"line":302,"column":8},"end":{"line":305,"column":10}},"112":{"start":{"line":312,"column":6},"end":{"line":335,"column":7}},"113":{"start":{"line":313,"column":64},"end":{"line":313,"column":68}},"114":{"start":{"line":315,"column":30},"end":{"line":317,"column":10}},"115":{"start":{"line":319,"column":8},"end":{"line":321,"column":9}},"116":{"start":{"line":320,"column":10},"end":{"line":320,"column":74}},"117":{"start":{"line":322,"column":38},"end":{"line":327,"column":10}},"118":{"start":{"line":328,"column":8},"end":{"line":328,"column":37}},"119":{"start":{"line":330,"column":8},"end":{"line":330,"column":64}},"120":{"start":{"line":331,"column":8},"end":{"line":334,"column":10}},"121":{"start":{"line":341,"column":6},"end":{"line":363,"column":7}},"122":{"start":{"line":342,"column":55},"end":{"line":342,"column":59}},"123":{"start":{"line":343,"column":30},"end":{"line":345,"column":10}},"124":{"start":{"line":346,"column":8},"end":{"line":348,"column":9}},"125":{"start":{"line":347,"column":10},"end":{"line":347,"column":74}},"126":{"start":{"line":350,"column":33},"end":{"line":355,"column":10}},"127":{"start":{"line":356,"column":8},"end":{"line":356,"column":32}},"128":{"start":{"line":358,"column":8},"end":{"line":358,"column":64}},"129":{"start":{"line":359,"column":8},"end":{"line":362,"column":10}}},"fnMap":{"0":{"name":"(anonymous_1)","decl":{"start":{"line":28,"column":4},"end":{"line":28,"column":9}},"loc":{"start":{"line":28,"column":48},"end":{"line":57,"column":5}}},"1":{"name":"(anonymous_2)","decl":{"start":{"line":58,"column":4},"end":{"line":58,"column":9}},"loc":{"start":{"line":58,"column":41},"end":{"line":73,"column":5}}},"2":{"name":"(anonymous_3)","decl":{"start":{"line":74,"column":4},"end":{"line":74,"column":9}},"loc":{"start":{"line":74,"column":43},"end":{"line":93,"column":5}}},"3":{"name":"(anonymous_4)","decl":{"start":{"line":97,"column":4},"end":{"line":97,"column":9}},"loc":{"start":{"line":97,"column":58},"end":{"line":115,"column":5}}},"4":{"name":"(anonymous_5)","decl":{"start":{"line":116,"column":4},"end":{"line":116,"column":9}},"loc":{"start":{"line":116,"column":58},"end":{"line":157,"column":5}}},"5":{"name":"(anonymous_6)","decl":{"start":{"line":158,"column":4},"end":{"line":158,"column":9}},"loc":{"start":{"line":158,"column":58},"end":{"line":176,"column":5}}},"6":{"name":"(anonymous_7)","decl":{"start":{"line":178,"column":4},"end":{"line":178,"column":9}},"loc":{"start":{"line":178,"column":56},"end":{"line":193,"column":5}}},"7":{"name":"(anonymous_8)","decl":{"start":{"line":195,"column":4},"end":{"line":195,"column":9}},"loc":{"start":{"line":195,"column":56},"end":{"line":216,"column":5}}},"8":{"name":"(anonymous_9)","decl":{"start":{"line":218,"column":4},"end":{"line":218,"column":9}},"loc":{"start":{"line":218,"column":56},"end":{"line":236,"column":5}}},"9":{"name":"(anonymous_10)","decl":{"start":{"line":238,"column":4},"end":{"line":238,"column":9}},"loc":{"start":{"line":240,"column":41},"end":{"line":281,"column":5}}},"10":{"name":"(anonymous_11)","decl":{"start":{"line":282,"column":4},"end":{"line":282,"column":9}},"loc":{"start":{"line":284,"column":42},"end":{"line":307,"column":5}}},"11":{"name":"(anonymous_12)","decl":{"start":{"line":308,"column":4},"end":{"line":308,"column":9}},"loc":{"start":{"line":310,"column":44},"end":{"line":336,"column":5}}},"12":{"name":"(anonymous_13)","decl":{"start":{"line":337,"column":4},"end":{"line":337,"column":9}},"loc":{"start":{"line":339,"column":40},"end":{"line":364,"column":5}}}},"branchMap":{"0":{"loc":{"start":{"line":41,"column":8},"end":{"line":45,"column":9}},"type":"if","locations":[{"start":{"line":41,"column":8},"end":{"line":45,"column":9}},{"start":{"line":43,"column":15},"end":{"line":45,"column":9}}]},"1":{"loc":{"start":{"line":47,"column":8},"end":{"line":55,"column":9}},"type":"if","locations":[{"start":{"line":47,"column":8},"end":{"line":55,"column":9}},{"start":{"line":49,"column":15},"end":{"line":55,"column":9}}]},"2":{"loc":{"start":{"line":64,"column":8},"end":{"line":68,"column":9}},"type":"if","locations":[{"start":{"line":64,"column":8},"end":{"line":68,"column":9}},{"start":{"line":66,"column":15},"end":{"line":68,"column":9}}]},"3":{"loc":{"start":{"line":81,"column":8},"end":{"line":85,"column":9}},"type":"if","locations":[{"start":{"line":81,"column":8},"end":{"line":85,"column":9}},{"start":{"line":83,"column":15},"end":{"line":85,"column":9}}]},"4":{"loc":{"start":{"line":122,"column":8},"end":{"line":124,"column":9}},"type":"if","locations":[{"start":{"line":122,"column":8},"end":{"line":124,"column":9}}]},"5":{"loc":{"start":{"line":126,"column":8},"end":{"line":134,"column":9}},"type":"if","locations":[{"start":{"line":126,"column":8},"end":{"line":134,"column":9}}]},"6":{"loc":{"start":{"line":131,"column":10},"end":{"line":133,"column":11}},"type":"if","locations":[{"start":{"line":131,"column":10},"end":{"line":133,"column":11}}]},"7":{"loc":{"start":{"line":136,"column":8},"end":{"line":138,"column":9}},"type":"if","locations":[{"start":{"line":136,"column":8},"end":{"line":138,"column":9}}]},"8":{"loc":{"start":{"line":142,"column":8},"end":{"line":147,"column":9}},"type":"if","locations":[{"start":{"line":142,"column":8},"end":{"line":147,"column":9}}]},"9":{"loc":{"start":{"line":163,"column":8},"end":{"line":165,"column":9}},"type":"if","locations":[{"start":{"line":163,"column":8},"end":{"line":165,"column":9}}]},"10":{"loc":{"start":{"line":202,"column":8},"end":{"line":208,"column":9}},"type":"if","locations":[{"start":{"line":202,"column":8},"end":{"line":208,"column":9}},{"start":{"line":204,"column":15},"end":{"line":208,"column":9}}]},"11":{"loc":{"start":{"line":223,"column":8},"end":{"line":225,"column":9}},"type":"if","locations":[{"start":{"line":223,"column":8},"end":{"line":225,"column":9}}]},"12":{"loc":{"start":{"line":246,"column":8},"end":{"line":248,"column":9}},"type":"if","locations":[{"start":{"line":246,"column":8},"end":{"line":248,"column":9}}]},"13":{"loc":{"start":{"line":254,"column":8},"end":{"line":256,"column":9}},"type":"if","locations":[{"start":{"line":254,"column":8},"end":{"line":256,"column":9}}]},"14":{"loc":{"start":{"line":261,"column":17},"end":{"line":261,"column":28}},"type":"cond-expr","locations":[{"start":{"line":261,"column":17},"end":{"line":261,"column":22}},{"start":{"line":261,"column":26},"end":{"line":261,"column":28}}]},"15":{"loc":{"start":{"line":261,"column":17},"end":{"line":261,"column":26}},"type":"binary-expr","locations":[{"start":{"line":261,"column":17},"end":{"line":261,"column":26}},{"start":{"line":261,"column":17},"end":{"line":261,"column":26}}]},"16":{"loc":{"start":{"line":266,"column":8},"end":{"line":273,"column":9}},"type":"if","locations":[{"start":{"line":266,"column":8},"end":{"line":273,"column":9}},{"start":{"line":268,"column":15},"end":{"line":273,"column":9}}]},"17":{"loc":{"start":{"line":291,"column":8},"end":{"line":296,"column":9}},"type":"if","locations":[{"start":{"line":291,"column":8},"end":{"line":296,"column":9}}]},"18":{"loc":{"start":{"line":319,"column":8},"end":{"line":321,"column":9}},"type":"if","locations":[{"start":{"line":319,"column":8},"end":{"line":321,"column":9}}]},"19":{"loc":{"start":{"line":346,"column":8},"end":{"line":348,"column":9}},"type":"if","locations":[{"start":{"line":346,"column":8},"end":{"line":348,"column":9}}]}},"s":{"0":1,"1":1,"2":1,"3":1,"4":1,"5":1,"6":1,"7":1,"8":1,"9":3,"10":3,"11":3,"12":2,"13":1,"14":1,"15":2,"16":1,"17":1,"18":1,"19":3,"20":3,"21":2,"22":1,"23":1,"24":2,"25":2,"26":3,"27":3,"28":2,"29":1,"30":1,"31":2,"32":2,"33":2,"34":2,"35":2,"36":2,"37":1,"38":1,"39":1,"40":1,"41":2,"42":2,"43":2,"44":2,"45":0,"46":2,"47":2,"48":2,"49":2,"50":1,"51":1,"52":1,"53":1,"54":0,"55":1,"56":1,"57":1,"58":0,"59":0,"60":0,"61":0,"62":0,"63":0,"64":0,"65":0,"66":0,"67":0,"68":0,"69":0,"70":0,"71":0,"72":0,"73":0,"74":0,"75":0,"76":0,"77":0,"78":0,"79":0,"80":0,"81":0,"82":0,"83":0,"84":0,"85":0,"86":0,"87":0,"88":0,"89":0,"90":0,"91":0,"92":0,"93":0,"94":0,"95":0,"96":0,"97":0,"98":0,"99":0,"100":0,"101":0,"102":0,"103":0,"104":0,"105":0,"106":0,"107":0,"108":0,"109":0,"110":0,"111":0,"112":0,"113":0,"114":0,"115":0,"116":0,"117":0,"118":0,"119":0,"120":0,"121":0,"122":0,"123":0,"124":0,"125":0,"126":0,"127":0,"128":0,"129":0},"f":{"0":3,"1":3,"2":3,"3":2,"4":2,"5":0,"6":0,"7":0,"8":0,"9":0,"10":0,"11":0,"12":0},"b":{"0":[1,1],"1":[1,1],"2":[1,1],"3":[1,1],"4":[0],"5":[2],"6":[2],"7":[1],"8":[0],"9":[0],"10":[0,0],"11":[0],"12":[0],"13":[0],"14":[0,0],"15":[0,0],"16":[0,0],"17":[0],"18":[0],"19":[0]}}
,"C:\\Coding\\Interview\\JagaHQ\\emr-graphql-api\\src\\entity\\Appointment.entity.ts": {"path":"C:\\Coding\\Interview\\JagaHQ\\emr-graphql-api\\src\\entity\\Appointment.entity.ts","statementMap":{"0":{"start":{"line":1,"column":0},"end":{"line":1,"column":null}},"1":{"start":{"line":8,"column":0},"end":{"line":8,"column":41}},"2":{"start":{"line":9,"column":0},"end":{"line":9,"column":43}},"3":{"start":{"line":12,"column":7},"end":{"line":32,"column":null}},"4":{"start":{"line":12,"column":13},"end":{"line":12,"column":24}},"5":{"start":{"line":14,"column":2},"end":{"line":14,"column":null}},"6":{"start":{"line":17,"column":2},"end":{"line":17,"column":null}},"7":{"start":{"line":20,"column":2},"end":{"line":20,"column":null}},"8":{"start":{"line":19,"column":19},"end":{"line":19,"column":25}},"9":{"start":{"line":19,"column":39},"end":{"line":19,"column":58}},"10":{"start":{"line":23,"column":2},"end":{"line":23,"column":null}},"11":{"start":{"line":26,"column":2},"end":{"line":26,"column":null}},"12":{"start":{"line":31,"column":2},"end":{"line":31,"column":null}},"13":{"start":{"line":28,"column":19},"end":{"line":28,"column":26}},"14":{"start":{"line":28,"column":41},"end":{"line":28,"column":61}},"15":{"start":{"line":12,"column":13},"end":{"line":32,"column":null}}},"fnMap":{"0":{"name":"(anonymous_2)","decl":{"start":{"line":19,"column":13},"end":{"line":19,"column":16}},"loc":{"start":{"line":19,"column":19},"end":{"line":19,"column":25}}},"1":{"name":"(anonymous_3)","decl":{"start":{"line":19,"column":27},"end":{"line":19,"column":28}},"loc":{"start":{"line":19,"column":39},"end":{"line":19,"column":58}}},"2":{"name":"(anonymous_4)","decl":{"start":{"line":28,"column":13},"end":{"line":28,"column":16}},"loc":{"start":{"line":28,"column":19},"end":{"line":28,"column":26}}},"3":{"name":"(anonymous_5)","decl":{"start":{"line":28,"column":28},"end":{"line":28,"column":29}},"loc":{"start":{"line":28,"column":41},"end":{"line":28,"column":61}}}},"branchMap":{},"s":{"0":2,"1":2,"2":2,"3":2,"4":2,"5":2,"6":2,"7":2,"8":0,"9":0,"10":2,"11":2,"12":2,"13":0,"14":0,"15":2},"f":{"0":0,"1":0,"2":0,"3":0},"b":{}}
,"C:\\Coding\\Interview\\JagaHQ\\emr-graphql-api\\src\\entity\\ContactInfo.entity.ts": {"path":"C:\\Coding\\Interview\\JagaHQ\\emr-graphql-api\\src\\entity\\ContactInfo.entity.ts","statementMap":{"0":{"start":{"line":1,"column":0},"end":{"line":1,"column":75}},"1":{"start":{"line":2,"column":0},"end":{"line":2,"column":43}},"2":{"start":{"line":5,"column":7},"end":{"line":17,"column":null}},"3":{"start":{"line":5,"column":13},"end":{"line":5,"column":24}},"4":{"start":{"line":7,"column":2},"end":{"line":7,"column":null}},"5":{"start":{"line":10,"column":2},"end":{"line":10,"column":null}},"6":{"start":{"line":13,"column":2},"end":{"line":13,"column":null}},"7":{"start":{"line":16,"column":2},"end":{"line":16,"column":null}},"8":{"start":{"line":15,"column":18},"end":{"line":15,"column":25}},"9":{"start":{"line":15,"column":40},"end":{"line":15,"column":59}},"10":{"start":{"line":5,"column":13},"end":{"line":17,"column":null}}},"fnMap":{"0":{"name":"(anonymous_2)","decl":{"start":{"line":15,"column":12},"end":{"line":15,"column":15}},"loc":{"start":{"line":15,"column":18},"end":{"line":15,"column":25}}},"1":{"name":"(anonymous_3)","decl":{"start":{"line":15,"column":27},"end":{"line":15,"column":28}},"loc":{"start":{"line":15,"column":40},"end":{"line":15,"column":59}}}},"branchMap":{},"s":{"0":2,"1":2,"2":2,"3":2,"4":2,"5":2,"6":2,"7":2,"8":0,"9":0,"10":2},"f":{"0":0,"1":0},"b":{}}
,"C:\\Coding\\Interview\\JagaHQ\\emr-graphql-api\\src\\entity\\Doctor.entity.ts": {"path":"C:\\Coding\\Interview\\JagaHQ\\emr-graphql-api\\src\\entity\\Doctor.entity.ts","statementMap":{"0":{"start":{"line":1,"column":0},"end":{"line":1,"column":null}},"1":{"start":{"line":8,"column":0},"end":{"line":8,"column":51}},"2":{"start":{"line":11,"column":7},"end":{"line":20,"column":null}},"3":{"start":{"line":11,"column":13},"end":{"line":11,"column":19}},"4":{"start":{"line":13,"column":2},"end":{"line":13,"column":null}},"5":{"start":{"line":16,"column":2},"end":{"line":16,"column":null}},"6":{"start":{"line":19,"column":2},"end":{"line":19,"column":null}},"7":{"start":{"line":18,"column":19},"end":{"line":18,"column":30}},"8":{"start":{"line":18,"column":49},"end":{"line":18,"column":67}},"9":{"start":{"line":11,"column":13},"end":{"line":20,"column":null}}},"fnMap":{"0":{"name":"(anonymous_2)","decl":{"start":{"line":18,"column":13},"end":{"line":18,"column":16}},"loc":{"start":{"line":18,"column":19},"end":{"line":18,"column":30}}},"1":{"name":"(anonymous_3)","decl":{"start":{"line":18,"column":32},"end":{"line":18,"column":33}},"loc":{"start":{"line":18,"column":49},"end":{"line":18,"column":67}}}},"branchMap":{},"s":{"0":2,"1":2,"2":2,"3":2,"4":2,"5":2,"6":2,"7":0,"8":0,"9":2},"f":{"0":0,"1":0},"b":{}}
,"C:\\Coding\\Interview\\JagaHQ\\emr-graphql-api\\src\\entity\\MedicalHistory.entity.ts": {"path":"C:\\Coding\\Interview\\JagaHQ\\emr-graphql-api\\src\\entity\\MedicalHistory.entity.ts","statementMap":{"0":{"start":{"line":1,"column":0},"end":{"line":1,"column":76}},"1":{"start":{"line":2,"column":0},"end":{"line":2,"column":43}},"2":{"start":{"line":5,"column":7},"end":{"line":21,"column":null}},"3":{"start":{"line":5,"column":13},"end":{"line":5,"column":27}},"4":{"start":{"line":7,"column":2},"end":{"line":7,"column":null}},"5":{"start":{"line":9,"column":2},"end":{"line":9,"column":null}},"6":{"start":{"line":12,"column":2},"end":{"line":12,"column":null}},"7":{"start":{"line":15,"column":2},"end":{"line":15,"column":null}},"8":{"start":{"line":20,"column":2},"end":{"line":20,"column":null}},"9":{"start":{"line":17,"column":19},"end":{"line":17,"column":26}},"10":{"start":{"line":17,"column":41},"end":{"line":17,"column":63}},"11":{"start":{"line":5,"column":13},"end":{"line":21,"column":null}}},"fnMap":{"0":{"name":"(anonymous_2)","decl":{"start":{"line":17,"column":13},"end":{"line":17,"column":16}},"loc":{"start":{"line":17,"column":19},"end":{"line":17,"column":26}}},"1":{"name":"(anonymous_3)","decl":{"start":{"line":17,"column":28},"end":{"line":17,"column":29}},"loc":{"start":{"line":17,"column":41},"end":{"line":17,"column":63}}}},"branchMap":{},"s":{"0":2,"1":2,"2":2,"3":2,"4":2,"5":2,"6":2,"7":2,"8":2,"9":0,"10":0,"11":2},"f":{"0":0,"1":0},"b":{}}
,"C:\\Coding\\Interview\\JagaHQ\\emr-graphql-api\\src\\entity\\Medication.entity.ts": {"path":"C:\\Coding\\Interview\\JagaHQ\\emr-graphql-api\\src\\entity\\Medication.entity.ts","statementMap":{"0":{"start":{"line":1,"column":0},"end":{"line":1,"column":76}},"1":{"start":{"line":2,"column":0},"end":{"line":2,"column":43}},"2":{"start":{"line":5,"column":7},"end":{"line":22,"column":null}},"3":{"start":{"line":5,"column":13},"end":{"line":5,"column":23}},"4":{"start":{"line":7,"column":2},"end":{"line":7,"column":null}},"5":{"start":{"line":10,"column":2},"end":{"line":10,"column":null}},"6":{"start":{"line":13,"column":2},"end":{"line":13,"column":null}},"7":{"start":{"line":16,"column":2},"end":{"line":16,"column":null}},"8":{"start":{"line":21,"column":2},"end":{"line":21,"column":null}},"9":{"start":{"line":18,"column":19},"end":{"line":18,"column":26}},"10":{"start":{"line":18,"column":41},"end":{"line":18,"column":60}},"11":{"start":{"line":5,"column":13},"end":{"line":22,"column":null}}},"fnMap":{"0":{"name":"(anonymous_2)","decl":{"start":{"line":18,"column":13},"end":{"line":18,"column":16}},"loc":{"start":{"line":18,"column":19},"end":{"line":18,"column":26}}},"1":{"name":"(anonymous_3)","decl":{"start":{"line":18,"column":28},"end":{"line":18,"column":29}},"loc":{"start":{"line":18,"column":41},"end":{"line":18,"column":60}}}},"branchMap":{},"s":{"0":2,"1":2,"2":2,"3":2,"4":2,"5":2,"6":2,"7":2,"8":2,"9":0,"10":0,"11":2},"f":{"0":0,"1":0},"b":{}}
,"C:\\Coding\\Interview\\JagaHQ\\emr-graphql-api\\src\\entity\\patient.entity.ts": {"path":"C:\\Coding\\Interview\\JagaHQ\\emr-graphql-api\\src\\entity\\patient.entity.ts","statementMap":{"0":{"start":{"line":1,"column":0},"end":{"line":1,"column":null}},"1":{"start":{"line":10,"column":0},"end":{"line":10,"column":51}},"2":{"start":{"line":11,"column":0},"end":{"line":11,"column":57}},"3":{"start":{"line":12,"column":0},"end":{"line":12,"column":49}},"4":{"start":{"line":13,"column":0},"end":{"line":13,"column":51}},"5":{"start":{"line":16,"column":7},"end":{"line":44,"column":null}},"6":{"start":{"line":16,"column":13},"end":{"line":16,"column":20}},"7":{"start":{"line":18,"column":2},"end":{"line":18,"column":null}},"8":{"start":{"line":21,"column":2},"end":{"line":21,"column":null}},"9":{"start":{"line":24,"column":2},"end":{"line":24,"column":null}},"10":{"start":{"line":27,"column":2},"end":{"line":27,"column":null}},"11":{"start":{"line":30,"column":2},"end":{"line":30,"column":null}},"12":{"start":{"line":34,"column":2},"end":{"line":34,"column":null}},"13":{"start":{"line":32,"column":18},"end":{"line":32,"column":29}},"14":{"start":{"line":37,"column":2},"end":{"line":37,"column":null}},"15":{"start":{"line":36,"column":19},"end":{"line":36,"column":30}},"16":{"start":{"line":36,"column":49},"end":{"line":36,"column":68}},"17":{"start":{"line":40,"column":2},"end":{"line":40,"column":null}},"18":{"start":{"line":39,"column":19},"end":{"line":39,"column":33}},"19":{"start":{"line":39,"column":55},"end":{"line":39,"column":77}},"20":{"start":{"line":43,"column":2},"end":{"line":43,"column":null}},"21":{"start":{"line":42,"column":19},"end":{"line":42,"column":29}},"22":{"start":{"line":42,"column":47},"end":{"line":42,"column":65}},"23":{"start":{"line":16,"column":13},"end":{"line":44,"column":null}}},"fnMap":{"0":{"name":"(anonymous_2)","decl":{"start":{"line":32,"column":12},"end":{"line":32,"column":15}},"loc":{"start":{"line":32,"column":18},"end":{"line":32,"column":29}}},"1":{"name":"(anonymous_3)","decl":{"start":{"line":36,"column":13},"end":{"line":36,"column":16}},"loc":{"start":{"line":36,"column":19},"end":{"line":36,"column":30}}},"2":{"name":"(anonymous_4)","decl":{"start":{"line":36,"column":32},"end":{"line":36,"column":33}},"loc":{"start":{"line":36,"column":49},"end":{"line":36,"column":68}}},"3":{"name":"(anonymous_5)","decl":{"start":{"line":39,"column":13},"end":{"line":39,"column":16}},"loc":{"start":{"line":39,"column":19},"end":{"line":39,"column":33}}},"4":{"name":"(anonymous_6)","decl":{"start":{"line":39,"column":35},"end":{"line":39,"column":36}},"loc":{"start":{"line":39,"column":55},"end":{"line":39,"column":77}}},"5":{"name":"(anonymous_7)","decl":{"start":{"line":42,"column":13},"end":{"line":42,"column":16}},"loc":{"start":{"line":42,"column":19},"end":{"line":42,"column":29}}},"6":{"name":"(anonymous_8)","decl":{"start":{"line":42,"column":31},"end":{"line":42,"column":32}},"loc":{"start":{"line":42,"column":47},"end":{"line":42,"column":65}}}},"branchMap":{},"s":{"0":2,"1":2,"2":2,"3":2,"4":2,"5":2,"6":2,"7":2,"8":2,"9":2,"10":2,"11":2,"12":2,"13":0,"14":2,"15":0,"16":0,"17":2,"18":0,"19":0,"20":2,"21":0,"22":0,"23":2},"f":{"0":0,"1":0,"2":0,"3":0,"4":0,"5":0,"6":0},"b":{}}
,"C:\\Coding\\Interview\\JagaHQ\\emr-graphql-api\\src\\lib\\Manager.ts": {"path":"C:\\Coding\\Interview\\JagaHQ\\emr-graphql-api\\src\\lib\\Manager.ts","statementMap":{"0":{"start":{"line":1,"column":0},"end":{"line":1,"column":47}},"1":{"start":{"line":3,"column":13},"end":{"line":3,"column":45}}},"fnMap":{},"branchMap":{},"s":{"0":1,"1":1},"f":{},"b":{}}
}
