TN:
SF:src\data-source.ts
FNF:0
FNH:0
DA:1,1
DA:2,1
DA:3,1
DA:5,1
DA:7,1
DA:8,1
DA:9,1
DA:10,1
DA:11,1
DA:12,1
DA:14,1
LF:11
LH:11
BRF:0
BRH:0
end_of_record
TN:
SF:src\resolver.ts
FN:28,(anonymous_1)
FN:58,(anonymous_2)
FN:74,(anonymous_3)
FN:97,(anonymous_4)
FN:116,(anonymous_5)
FN:158,(anonymous_6)
FN:178,(anonymous_7)
FN:195,(anonymous_8)
FN:218,(anonymous_9)
FN:238,(anonymous_10)
FN:282,(anonymous_11)
FN:308,(anonymous_12)
FN:337,(anonymous_13)
FNF:13
FNH:5
FNDA:3,(anonymous_1)
FNDA:3,(anonymous_2)
FNDA:3,(anonymous_3)
FNDA:2,(anonymous_4)
FNDA:2,(anonymous_5)
FNDA:0,(anonymous_6)
FNDA:0,(anonymous_7)
FNDA:0,(anonymous_8)
FNDA:0,(anonymous_9)
FNDA:0,(anonymous_10)
FNDA:0,(anonymous_11)
FNDA:0,(anonymous_12)
FNDA:0,(anonymous_13)
DA:1,1
DA:2,1
DA:3,1
DA:4,1
DA:5,1
DA:6,1
DA:7,1
DA:8,1
DA:26,1
DA:29,3
DA:30,3
DA:31,3
DA:41,2
DA:42,1
DA:44,1
DA:47,2
DA:48,1
DA:50,1
DA:51,1
DA:59,3
DA:60,3
DA:64,2
DA:65,1
DA:67,1
DA:70,2
DA:71,2
DA:75,3
DA:76,3
DA:81,2
DA:82,1
DA:84,1
DA:87,2
DA:88,2
DA:98,2
DA:99,2
DA:101,2
DA:105,1
DA:107,1
DA:109,1
DA:110,1
DA:117,2
DA:118,2
DA:120,2
DA:122,2
DA:123,0
DA:126,2
DA:127,2
DA:131,2
DA:132,2
DA:136,1
DA:137,1
DA:140,1
DA:142,1
DA:143,0
DA:149,1
DA:151,1
DA:152,1
DA:159,0
DA:160,0
DA:163,0
DA:164,0
DA:167,0
DA:168,0
DA:170,0
DA:171,0
DA:179,0
DA:180,0
DA:183,0
DA:185,0
DA:187,0
DA:188,0
DA:196,0
DA:197,0
DA:198,0
DA:202,0
DA:203,0
DA:205,0
DA:206,0
DA:207,0
DA:210,0
DA:211,0
DA:219,0
DA:220,0
DA:223,0
DA:224,0
DA:227,0
DA:228,0
DA:230,0
DA:231,0
DA:242,0
DA:243,0
DA:245,0
DA:246,0
DA:247,0
DA:250,0
DA:254,0
DA:255,0
DA:258,0
DA:266,0
DA:267,0
DA:269,0
DA:275,0
DA:276,0
DA:286,0
DA:287,0
DA:291,0
DA:292,0
DA:298,0
DA:299,0
DA:301,0
DA:302,0
DA:312,0
DA:313,0
DA:315,0
DA:319,0
DA:320,0
DA:322,0
DA:328,0
DA:330,0
DA:331,0
DA:341,0
DA:342,0
DA:343,0
DA:346,0
DA:347,0
DA:350,0
DA:356,0
DA:358,0
DA:359,0
LF:129
LH:55
BRDA:41,0,0,1
BRDA:41,0,1,1
BRDA:47,1,0,1
BRDA:47,1,1,1
BRDA:64,2,0,1
BRDA:64,2,1,1
BRDA:81,3,0,1
BRDA:81,3,1,1
BRDA:122,4,0,0
BRDA:126,5,0,2
BRDA:131,6,0,2
BRDA:136,7,0,1
BRDA:142,8,0,0
BRDA:163,9,0,0
BRDA:202,10,0,0
BRDA:202,10,1,0
BRDA:223,11,0,0
BRDA:246,12,0,0
BRDA:254,13,0,0
BRDA:261,14,0,0
BRDA:261,14,1,0
BRDA:261,15,0,0
BRDA:261,15,1,0
BRDA:266,16,0,0
BRDA:266,16,1,0
BRDA:291,17,0,0
BRDA:319,18,0,0
BRDA:346,19,0,0
BRF:28
BRH:11
end_of_record
TN:
SF:src\entity\Appointment.entity.ts
FN:19,(anonymous_2)
FN:19,(anonymous_3)
FN:28,(anonymous_4)
FN:28,(anonymous_5)
FNF:4
FNH:0
FNDA:0,(anonymous_2)
FNDA:0,(anonymous_3)
FNDA:0,(anonymous_4)
FNDA:0,(anonymous_5)
DA:1,2
DA:8,2
DA:9,2
DA:12,2
DA:14,2
DA:17,2
DA:19,0
DA:20,2
DA:23,2
DA:26,2
DA:28,0
DA:31,2
LF:12
LH:10
BRF:0
BRH:0
end_of_record
TN:
SF:src\entity\ContactInfo.entity.ts
FN:15,(anonymous_2)
FN:15,(anonymous_3)
FNF:2
FNH:0
FNDA:0,(anonymous_2)
FNDA:0,(anonymous_3)
DA:1,2
DA:2,2
DA:5,2
DA:7,2
DA:10,2
DA:13,2
DA:15,0
DA:16,2
LF:8
LH:7
BRF:0
BRH:0
end_of_record
TN:
SF:src\entity\Doctor.entity.ts
FN:18,(anonymous_2)
FN:18,(anonymous_3)
FNF:2
FNH:0
FNDA:0,(anonymous_2)
FNDA:0,(anonymous_3)
DA:1,2
DA:8,2
DA:11,2
DA:13,2
DA:16,2
DA:18,0
DA:19,2
LF:7
LH:6
BRF:0
BRH:0
end_of_record
TN:
SF:src\entity\MedicalHistory.entity.ts
FN:17,(anonymous_2)
FN:17,(anonymous_3)
FNF:2
FNH:0
FNDA:0,(anonymous_2)
FNDA:0,(anonymous_3)
DA:1,2
DA:2,2
DA:5,2
DA:7,2
DA:9,2
DA:12,2
DA:15,2
DA:17,0
DA:20,2
LF:9
LH:8
BRF:0
BRH:0
end_of_record
TN:
SF:src\entity\Medication.entity.ts
FN:18,(anonymous_2)
FN:18,(anonymous_3)
FNF:2
FNH:0
FNDA:0,(anonymous_2)
FNDA:0,(anonymous_3)
DA:1,2
DA:2,2
DA:5,2
DA:7,2
DA:10,2
DA:13,2
DA:16,2
DA:18,0
DA:21,2
LF:9
LH:8
BRF:0
BRH:0
end_of_record
TN:
SF:src\entity\patient.entity.ts
FN:32,(anonymous_2)
FN:36,(anonymous_3)
FN:36,(anonymous_4)
FN:39,(anonymous_5)
FN:39,(anonymous_6)
FN:42,(anonymous_7)
FN:42,(anonymous_8)
FNF:7
FNH:0
FNDA:0,(anonymous_2)
FNDA:0,(anonymous_3)
FNDA:0,(anonymous_4)
FNDA:0,(anonymous_5)
FNDA:0,(anonymous_6)
FNDA:0,(anonymous_7)
FNDA:0,(anonymous_8)
DA:1,2
DA:10,2
DA:11,2
DA:12,2
DA:13,2
DA:16,2
DA:18,2
DA:21,2
DA:24,2
DA:27,2
DA:30,2
DA:32,0
DA:34,2
DA:36,0
DA:37,2
DA:39,0
DA:40,2
DA:42,0
DA:43,2
LF:19
LH:15
BRF:0
BRH:0
end_of_record
TN:
SF:src\lib\Manager.ts
FNF:0
FNH:0
DA:1,1
DA:3,1
LF:2
LH:2
BRF:0
BRH:0
end_of_record
